Ex1 (OOP) Simulator log: stage Ex1_Buildings/B5.json,  output.csv
0.0,OOP_Ex1_Elevator_Simulator
0.0,Simulated Building, Building [-10,100]
0) ex1.Elevator_A, Elev_, id,0,  speed, 9.0, open: 1.1111111111111112,  start: 1.6666666666666667, close: 1.1111111111111112,  stop: 1.6666666666666667
1) ex1.Elevator_A, Elev_, id,1,  speed, 7.0, open: 1.4285714285714286,  start: 2.142857142857143, close: 1.4285714285714286,  stop: 2.142857142857143
2) ex1.Elevator_A, Elev_, id,2,  speed, 5.0, open: 2.0,  start: 3.0, close: 2.0,  stop: 3.0
3) ex1.Elevator_A, Elev_, id,3,  speed, 5.0, open: 2.0,  start: 3.0, close: 2.0,  stop: 3.0
4) ex1.Elevator_A, Elev_, id,4,  speed, 3.0, open: 2.0,  start: 3.0, close: 2.0,  stop: 3.0
5) ex1.Elevator_A, Elev_, id,5,  speed, 3.0, open: 2.0,  start: 3.0, close: 2.0,  stop: 3.0
6) ex1.Elevator_A, Elev_, id,6,  speed, 1.5, open: 2.0,  start: 3.0, close: 2.0,  stop: 3.0
7) ex1.Elevator_A, Elev_, id,7,  speed, 9.0, open: 1.1111111111111112,  start: 1.6666666666666667, close: 1.1111111111111112,  stop: 1.6666666666666667
8) ex1.Elevator_A, Elev_, id,8,  speed, 9.0, open: 1.1111111111111112,  start: 1.6666666666666667, close: 1.1111111111111112,  stop: 1.6666666666666667
9) ex1.Elevator_A, Elev_, id,9,  speed, 2.0, open: 2.0,  start: 3.0, close: 2.0,  stop: 3.0

0.0,Simulated Period starTime,0.0,  endTime,1104.1840186,  dt,1.0
0.0,Simulated  calls,Elevator log, size: 100
0.0,**** Simulation starts!! ****
5.0,Elevator call,4.37472729,0,-1,1,0, got allocated to elevator, 0
5.0,Elev,0,  arrived at src, 0, Elevator call,4.37472729,0,-1,2,0
5.0, elevID,0,  pos,0,  cmd, goto,-1
11.0,Elev,0,  arrived at dest, -1, this call is done!, Elevator call,4.37472729,0,-1,3,0, Done, dt, 6.62527271
17.0,Elevator call,16.95788289,-1,0,1,6, got allocated to elevator, 6
17.0, elevID,6,  pos,0,  cmd, goto,-1
23.0,Elevator call,22.0940563,0,-1,1,9, got allocated to elevator, 9
23.0,Elev,9,  arrived at src, 0, Elevator call,22.0940563,0,-1,2,9
23.0, elevID,9,  pos,0,  cmd, goto,-1
28.0,Elev,6,  arrived at src, -1, Elevator call,16.95788289,-1,0,2,6
28.0, elevID,6,  pos,-1,  cmd, goto,0
34.0,Elev,9,  arrived at dest, -1, this call is done!, Elevator call,22.0940563,0,-1,3,9, Done, dt, 11.905943700000002
39.0,Elev,6,  arrived at dest, 0, this call is done!, Elevator call,16.95788289,-1,0,3,6, Done, dt, 22.04211711
86.0,Elevator call,85.52096662,3,2,1,5, got allocated to elevator, 5
86.0, elevID,5,  pos,0,  cmd, goto,3
92.0,Elevator call,91.21019413,-1,-2,1,9, got allocated to elevator, 9
92.0,Elev,9,  arrived at src, -1, Elevator call,91.21019413,-1,-2,2,9
92.0, elevID,9,  pos,-1,  cmd, goto,-2
97.0,Elev,5,  arrived at src, 3, Elevator call,85.52096662,3,2,2,5
97.0, elevID,5,  pos,3,  cmd, goto,2
103.0,Elev,9,  arrived at dest, -2, this call is done!, Elevator call,91.21019413,-1,-2,3,9, Done, dt, 11.789805869999995
105.0,Elevator call,104.1370124,0,4,1,8, got allocated to elevator, 8
105.0,Elev,8,  arrived at src, 0, Elevator call,104.1370124,0,4,2,8
105.0, elevID,8,  pos,0,  cmd, goto,4
108.0,Elev,5,  arrived at dest, 2, this call is done!, Elevator call,85.52096662,3,2,3,5, Done, dt, 22.479033380000004
110.0,Elevator call,109.2135291,-1,0,1,8, got allocated to elevator, 8
111.0,Elev,8,  arrived at dest, 4, this call is done!, Elevator call,104.1370124,0,4,3,8, Done, dt, 6.862987599999997
111.0, elevID,8,  pos,4,  cmd, goto,-1
115.0,Elevator call,114.392351,3,0,1,9, got allocated to elevator, 9
115.0, elevID,9,  pos,-2,  cmd, goto,3
118.0,Elev,8,  arrived at src, -1, Elevator call,109.2135291,-1,0,2,8
118.0, elevID,8,  pos,-1,  cmd, goto,0
124.0,Elev,8,  arrived at dest, 0, this call is done!, Elevator call,109.2135291,-1,0,3,8, Done, dt, 14.786470899999998
125.0,Elevator call,124.425571,0,9,1,8, got allocated to elevator, 8
125.0,Elev,8,  arrived at src, 0, Elevator call,124.425571,0,9,2,8
125.0, elevID,8,  pos,0,  cmd, goto,9
128.0,Elev,9,  arrived at src, 3, Elevator call,114.392351,3,0,2,9
128.0, elevID,9,  pos,3,  cmd, goto,0
131.0,Elevator call,130.0249568,8,10,1,6, got allocated to elevator, 6
131.0,Elevator call,130.2249113,-1,1,1,8, got allocated to elevator, 8
131.0, elevID,6,  pos,0,  cmd, goto,8
132.0,Elev,8,  arrived at dest, 9, this call is done!, Elevator call,124.425571,0,9,3,8, Done, dt, 7.574428999999995
132.0, elevID,8,  pos,9,  cmd, goto,-1
138.0,Elevator call,137.9515274,0,4,1,7, got allocated to elevator, 7
138.0,Elev,7,  arrived at src, 0, Elevator call,137.9515274,0,4,2,7
138.0, elevID,7,  pos,0,  cmd, goto,4
139.0,Elev,8,  arrived at src, -1, Elevator call,130.2249113,-1,1,2,8
139.0, elevID,8,  pos,-1,  cmd, goto,1
140.0,Elev,9,  arrived at dest, 0, this call is done!, Elevator call,114.392351,3,0,3,9, Done, dt, 25.607648999999995
144.0,Elevator call,143.9133584,0,6,1,7, got allocated to elevator, 7
144.0,Elev,7,  arrived at dest, 4, this call is done!, Elevator call,137.9515274,0,4,3,7, Done, dt, 6.048472599999997
144.0, elevID,7,  pos,4,  cmd, goto,0
145.0,Elev,8,  arrived at dest, 1, this call is done!, Elevator call,130.2249113,-1,1,3,8, Done, dt, 14.775088699999998
147.0,Elev,6,  arrived at src, 8, Elevator call,130.0249568,8,10,2,6
147.0, elevID,6,  pos,8,  cmd, goto,10
150.0,Elev,7,  arrived at src, 0, Elevator call,143.9133584,0,6,2,7
150.0, elevID,7,  pos,0,  cmd, goto,6
157.0,Elev,7,  arrived at dest, 6, this call is done!, Elevator call,143.9133584,0,6,3,7, Done, dt, 13.086641600000007
159.0,Elev,6,  arrived at dest, 10, this call is done!, Elevator call,130.0249568,8,10,3,6, Done, dt, 28.975043199999988
170.0,Elevator call,169.7845834,-1,0,1,8, got allocated to elevator, 8
170.0, elevID,8,  pos,1,  cmd, goto,-1
171.0,Elevator call,170.0099621,0,6,1,7, got allocated to elevator, 7
171.0, elevID,7,  pos,6,  cmd, goto,0
172.0,Elevator call,171.2117332,-1,8,1,7, got allocated to elevator, 7
175.0,Elevator call,174.8438515,0,-1,1,9, got allocated to elevator, 9
175.0,Elev,9,  arrived at src, 0, Elevator call,174.8438515,0,-1,2,9
175.0, elevID,9,  pos,0,  cmd, goto,-1
176.0,Elev,8,  arrived at src, -1, Elevator call,169.7845834,-1,0,2,8
176.0, elevID,8,  pos,-1,  cmd, goto,0
178.0,Elev,7,  arrived at src, 0, Elevator call,170.0099621,0,6,2,7
178.0, elevID,7,  pos,0,  cmd, goto,-1
182.0,Elev,8,  arrived at dest, 0, this call is done!, Elevator call,169.7845834,-1,0,3,8, Done, dt, 12.215416599999998
184.0,Elev,7,  arrived at src, -1, Elevator call,171.2117332,-1,8,2,7
184.0, elevID,7,  pos,-1,  cmd, goto,6
186.0,Elev,9,  arrived at dest, -1, this call is done!, Elevator call,174.8438515,0,-1,3,9, Done, dt, 11.1561485
188.0,Elevator call,187.1167862,-1,-2,1,9, got allocated to elevator, 9
188.0,Elevator call,187.7299318,-1,-2,1,5, got allocated to elevator, 5
188.0, elevID,5,  pos,2,  cmd, goto,-1
188.0,Elev,9,  arrived at src, -1, Elevator call,187.1167862,-1,-2,2,9
188.0, elevID,9,  pos,-1,  cmd, goto,-2
191.0,Elev,7,  arrived at dest, 6, this call is done!, Elevator call,170.0099621,0,6,3,7, Done, dt, 20.990037900000004
191.0, elevID,7,  pos,6,  cmd, goto,8
196.0,Elevator call,195.9086965,0,7,1,8, got allocated to elevator, 8
196.0,Elev,8,  arrived at src, 0, Elevator call,195.9086965,0,7,2,8
196.0, elevID,8,  pos,0,  cmd, goto,7
197.0,Elev,7,  arrived at dest, 8, this call is done!, Elevator call,171.2117332,-1,8,3,7, Done, dt, 25.788266800000002
198.0,Elevator call,197.5359191,-1,1,1,8, got allocated to elevator, 8
199.0,Elev,5,  arrived at src, -1, Elevator call,187.7299318,-1,-2,2,5
199.0, elevID,5,  pos,-1,  cmd, goto,-2
199.0,Elev,9,  arrived at dest, -2, this call is done!, Elevator call,187.1167862,-1,-2,3,9, Done, dt, 11.883213799999993
203.0,Elev,8,  arrived at dest, 7, this call is done!, Elevator call,195.9086965,0,7,3,8, Done, dt, 7.091303500000009
203.0, elevID,8,  pos,7,  cmd, goto,-1
206.0,Elevator call,205.9895199,-1,0,1,8, got allocated to elevator, 8
210.0,Elev,5,  arrived at dest, -2, this call is done!, Elevator call,187.7299318,-1,-2,3,5, Done, dt, 22.270068199999997
210.0,Elev,8,  arrived at src, -1, Elevator call,197.5359191,-1,1,2,8
210.0,Elev,8,  arrived at src, -1, Elevator call,205.9895199,-1,0,2,8
210.0, elevID,8,  pos,-1,  cmd, goto,0
216.0,Elev,8,  arrived at dest, 0, this call is done!, Elevator call,205.9895199,-1,0,3,8, Done, dt, 10.010480099999995
216.0, elevID,8,  pos,0,  cmd, goto,1
222.0,Elev,8,  arrived at dest, 1, this call is done!, Elevator call,197.5359191,-1,1,3,8, Done, dt, 24.4640809
228.0,Elevator call,227.0798305,-1,5,1,8, got allocated to elevator, 8
228.0, elevID,8,  pos,1,  cmd, goto,-1
232.0,Elevator call,231.5157882,-1,0,1,7, got allocated to elevator, 7
232.0, elevID,7,  pos,8,  cmd, goto,-1
233.0,Elevator call,232.9504362,0,-1,1,9, got allocated to elevator, 9
233.0, elevID,9,  pos,-2,  cmd, goto,0
234.0,Elev,8,  arrived at src, -1, Elevator call,227.0798305,-1,5,2,8
234.0, elevID,8,  pos,-1,  cmd, goto,5
239.0,Elev,7,  arrived at src, -1, Elevator call,231.5157882,-1,0,2,7
239.0, elevID,7,  pos,-1,  cmd, goto,0
241.0,Elev,8,  arrived at dest, 5, this call is done!, Elevator call,227.0798305,-1,5,3,8, Done, dt, 13.920169499999986
244.0,Elev,9,  arrived at src, 0, Elevator call,232.9504362,0,-1,2,9
244.0, elevID,9,  pos,0,  cmd, goto,-1
245.0,Elev,7,  arrived at dest, 0, this call is done!, Elevator call,231.5157882,-1,0,3,7, Done, dt, 13.484211799999997
252.0,Elevator call,251.1044469,-1,-2,1,5, got allocated to elevator, 5
252.0,Elevator call,251.2359335,0,9,1,8, got allocated to elevator, 8
252.0, elevID,5,  pos,-2,  cmd, goto,-1
252.0, elevID,8,  pos,5,  cmd, goto,0
255.0,Elevator call,254.6977153,3,4,1,6, got allocated to elevator, 6
255.0, elevID,6,  pos,10,  cmd, goto,3
255.0,Elev,9,  arrived at dest, -1, this call is done!, Elevator call,232.9504362,0,-1,3,9, Done, dt, 22.049563799999987
258.0,Elevator call,257.7974435,-1,0,1,7, got allocated to elevator, 7
258.0, elevID,7,  pos,0,  cmd, goto,-1
259.0,Elev,8,  arrived at src, 0, Elevator call,251.2359335,0,9,2,8
259.0, elevID,8,  pos,0,  cmd, goto,9
263.0,Elev,5,  arrived at src, -1, Elevator call,251.1044469,-1,-2,2,5
263.0, elevID,5,  pos,-1,  cmd, goto,-2
264.0,Elev,7,  arrived at src, -1, Elevator call,257.7974435,-1,0,2,7
264.0, elevID,7,  pos,-1,  cmd, goto,0
266.0,Elev,8,  arrived at dest, 9, this call is done!, Elevator call,251.2359335,0,9,3,8, Done, dt, 14.764066500000013
270.0,Elev,6,  arrived at src, 3, Elevator call,254.6977153,3,4,2,6
270.0, elevID,6,  pos,3,  cmd, goto,4
270.0,Elev,7,  arrived at dest, 0, this call is done!, Elevator call,257.7974435,-1,0,3,7, Done, dt, 12.202556500000014
274.0,Elev,5,  arrived at dest, -2, this call is done!, Elevator call,251.1044469,-1,-2,3,5, Done, dt, 22.8955531
281.0,Elev,6,  arrived at dest, 4, this call is done!, Elevator call,254.6977153,3,4,3,6, Done, dt, 26.3022847
296.0,Elevator call,295.7943357,0,1,1,8, got allocated to elevator, 8
296.0, elevID,8,  pos,9,  cmd, goto,0
303.0,Elev,8,  arrived at src, 0, Elevator call,295.7943357,0,1,2,8
303.0, elevID,8,  pos,0,  cmd, goto,1
305.0,Elevator call,304.9984388,6,0,1,9, got allocated to elevator, 9
305.0, elevID,9,  pos,-1,  cmd, goto,6
309.0,Elev,8,  arrived at dest, 1, this call is done!, Elevator call,295.7943357,0,1,3,8, Done, dt, 13.205664300000024
310.0,Elevator call,309.3005383,0,-1,1,9, got allocated to elevator, 9
310.0, elevID,9,  pos,-1,  cmd, stop,0
313.0,Elevator call,312.3018556,0,-1,1,5, got allocated to elevator, 5
313.0, elevID,5,  pos,-2,  cmd, goto,0
316.0,Elev,9,  arrived at src, 0, Elevator call,309.3005383,0,-1,2,9
316.0, elevID,9,  pos,0,  cmd, goto,6
317.0,Elevator call,316.0323783,0,-1,1,4, got allocated to elevator, 4
317.0,Elev,4,  arrived at src, 0, Elevator call,316.0323783,0,-1,2,4
317.0, elevID,4,  pos,0,  cmd, goto,-1
320.0,Elevator call,319.905202,6,5,1,9, got allocated to elevator, 9
321.0,Elevator call,320.9760749,-1,0,1,7, got allocated to elevator, 7
321.0, elevID,7,  pos,0,  cmd, goto,-1
322.0,Elevator call,321.370409,7,-1,1,3, got allocated to elevator, 3
322.0, elevID,3,  pos,0,  cmd, goto,7
324.0,Elev,5,  arrived at src, 0, Elevator call,312.3018556,0,-1,2,5
324.0, elevID,5,  pos,0,  cmd, goto,-1
327.0,Elev,7,  arrived at src, -1, Elevator call,320.9760749,-1,0,2,7
327.0, elevID,7,  pos,-1,  cmd, goto,0
328.0,Elev,4,  arrived at dest, -1, this call is done!, Elevator call,316.0323783,0,-1,3,4, Done, dt, 11.967621699999995
329.0,Elev,9,  arrived at src, 6, Elevator call,304.9984388,6,0,2,9
329.0,Elev,9,  arrived at src, 6, Elevator call,319.905202,6,5,2,9
329.0, elevID,9,  pos,6,  cmd, goto,5
333.0,Elevator call,332.4267319,0,10,1,8, got allocated to elevator, 8
333.0,Elev,7,  arrived at dest, 0, this call is done!, Elevator call,320.9760749,-1,0,3,7, Done, dt, 12.023925099999985
333.0, elevID,8,  pos,1,  cmd, goto,0
334.0,Elev,3,  arrived at src, 7, Elevator call,321.370409,7,-1,2,3
334.0, elevID,3,  pos,7,  cmd, goto,-1
335.0,Elev,5,  arrived at dest, -1, this call is done!, Elevator call,312.3018556,0,-1,3,5, Done, dt, 22.69814439999999
337.0,Elevator call,336.9304305,-1,0,1,8, got allocated to elevator, 8
339.0,Elev,8,  arrived at src, 0, Elevator call,332.4267319,0,10,2,8
339.0, elevID,8,  pos,0,  cmd, goto,-1
340.0,Elev,9,  arrived at dest, 5, this call is done!, Elevator call,319.905202,6,5,3,9, Done, dt, 20.094798000000026
340.0, elevID,9,  pos,5,  cmd, goto,0
345.0,Elev,8,  arrived at src, -1, Elevator call,336.9304305,-1,0,2,8
345.0, elevID,8,  pos,-1,  cmd, goto,0
346.0,Elev,3,  arrived at dest, -1, this call is done!, Elevator call,321.370409,7,-1,3,3, Done, dt, 24.629591000000005
351.0,Elev,8,  arrived at dest, 0, this call is done!, Elevator call,336.9304305,-1,0,3,8, Done, dt, 14.0695695
351.0, elevID,8,  pos,0,  cmd, goto,10
353.0,Elev,9,  arrived at dest, 0, this call is done!, Elevator call,304.9984388,6,0,3,9, Done, dt, 48.001561200000026
353.0, elevID,9,  pos,0,  cmd, goto,-1
358.0,Elev,8,  arrived at dest, 10, this call is done!, Elevator call,332.4267319,0,10,3,8, Done, dt, 25.573268100000007
364.0,Elev,9,  arrived at dest, -1, this call is done!, Elevator call,309.3005383,0,-1,3,9, Done, dt, 54.69946169999997
376.0,Elevator call,375.490481,1,0,1,5, got allocated to elevator, 5
376.0, elevID,5,  pos,-1,  cmd, goto,1
387.0,Elev,5,  arrived at src, 1, Elevator call,375.490481,1,0,2,5
387.0, elevID,5,  pos,1,  cmd, goto,0
393.0,Elevator call,392.5160765,0,5,1,8, got allocated to elevator, 8
393.0, elevID,8,  pos,10,  cmd, goto,0
398.0,Elev,5,  arrived at dest, 0, this call is done!, Elevator call,375.490481,1,0,3,5, Done, dt, 22.50951900000001
400.0,Elev,8,  arrived at src, 0, Elevator call,392.5160765,0,5,2,8
400.0, elevID,8,  pos,0,  cmd, goto,5
406.0,Elevator call,405.1821141,-1,10,1,8, got allocated to elevator, 8
407.0,Elev,8,  arrived at dest, 5, this call is done!, Elevator call,392.5160765,0,5,3,8, Done, dt, 14.483923500000003
407.0, elevID,8,  pos,5,  cmd, goto,-1
414.0,Elev,8,  arrived at src, -1, Elevator call,405.1821141,-1,10,2,8
414.0, elevID,8,  pos,-1,  cmd, goto,10
421.0,Elev,8,  arrived at dest, 10, this call is done!, Elevator call,405.1821141,-1,10,3,8, Done, dt, 15.817885900000022
427.0,Elevator call,426.8615805,2,0,1,9, got allocated to elevator, 9
427.0, elevID,9,  pos,-1,  cmd, goto,2
438.0,Elevator call,437.1711158,1,0,1,5, got allocated to elevator, 5
438.0, elevID,5,  pos,0,  cmd, goto,1
439.0,Elev,9,  arrived at src, 2, Elevator call,426.8615805,2,0,2,9
439.0, elevID,9,  pos,2,  cmd, goto,0
449.0,Elev,5,  arrived at src, 1, Elevator call,437.1711158,1,0,2,5
449.0, elevID,5,  pos,1,  cmd, goto,0
450.0,Elev,9,  arrived at dest, 0, this call is done!, Elevator call,426.8615805,2,0,3,9, Done, dt, 23.138419499999998
460.0,Elev,5,  arrived at dest, 0, this call is done!, Elevator call,437.1711158,1,0,3,5, Done, dt, 22.828884200000005
473.0,Elevator call,472.7445474,10,-1,1,9, got allocated to elevator, 9
473.0, elevID,9,  pos,0,  cmd, goto,10
488.0,Elev,9,  arrived at src, 10, Elevator call,472.7445474,10,-1,2,9
488.0, elevID,9,  pos,10,  cmd, goto,-1
501.0,Elevator call,500.3712045,8,-1,1,5, got allocated to elevator, 5
501.0, elevID,5,  pos,0,  cmd, goto,8
504.0,Elevator call,503.1384784,1,-1,1,9, got allocated to elevator, 9
504.0,Elev,9,  arrived at dest, -1, this call is done!, Elevator call,472.7445474,10,-1,3,9, Done, dt, 31.255452600000012
504.0, elevID,9,  pos,-1,  cmd, goto,1
505.0,Elevator call,504.4317942,0,-1,1,4, got allocated to elevator, 4
505.0, elevID,4,  pos,-1,  cmd, goto,0
514.0,Elev,5,  arrived at src, 8, Elevator call,500.3712045,8,-1,2,5
514.0, elevID,5,  pos,8,  cmd, goto,-1
515.0,Elev,9,  arrived at src, 1, Elevator call,503.1384784,1,-1,2,9
515.0, elevID,9,  pos,1,  cmd, goto,-1
516.0,Elev,4,  arrived at src, 0, Elevator call,504.4317942,0,-1,2,4
516.0, elevID,4,  pos,0,  cmd, goto,-1
526.0,Elev,9,  arrived at dest, -1, this call is done!, Elevator call,503.1384784,1,-1,3,9, Done, dt, 22.861521600000003
527.0,Elev,4,  arrived at dest, -1, this call is done!, Elevator call,504.4317942,0,-1,3,4, Done, dt, 22.568205799999987
527.0,Elev,5,  arrived at dest, -1, this call is done!, Elevator call,500.3712045,8,-1,3,5, Done, dt, 26.628795500000024
530.0,Elevator call,529.6277472,3,-1,1,9, got allocated to elevator, 9
530.0, elevID,9,  pos,-1,  cmd, goto,3
538.0,Elevator call,537.7866884,-1,6,1,8, got allocated to elevator, 8
538.0, elevID,8,  pos,10,  cmd, goto,-1
542.0,Elev,9,  arrived at src, 3, Elevator call,529.6277472,3,-1,2,9
542.0, elevID,9,  pos,3,  cmd, goto,-1
545.0,Elevator call,544.7880392,6,-1,1,9, got allocated to elevator, 9
545.0,Elev,8,  arrived at src, -1, Elevator call,537.7866884,-1,6,2,8
545.0, elevID,8,  pos,-1,  cmd, goto,6
552.0,Elev,8,  arrived at dest, 6, this call is done!, Elevator call,537.7866884,-1,6,3,8, Done, dt, 14.213311599999997
554.0,Elev,9,  arrived at dest, -1, this call is done!, Elevator call,529.6277472,3,-1,3,9, Done, dt, 24.372252799999956
554.0, elevID,9,  pos,-1,  cmd, goto,6
555.0,Elevator call,554.0892923,4,0,1,5, got allocated to elevator, 5
555.0, elevID,5,  pos,-1,  cmd, goto,4
558.0,Elevator call,557.244139,10,0,1,9, got allocated to elevator, 9
566.0,Elevator call,565.0195522,0,-1,1,4, got allocated to elevator, 4
566.0, elevID,4,  pos,-1,  cmd, goto,0
567.0,Elev,5,  arrived at src, 4, Elevator call,554.0892923,4,0,2,5
567.0, elevID,5,  pos,4,  cmd, goto,0
568.0,Elev,9,  arrived at src, 6, Elevator call,544.7880392,6,-1,2,9
568.0, elevID,9,  pos,6,  cmd, goto,10
577.0,Elev,4,  arrived at src, 0, Elevator call,565.0195522,0,-1,2,4
577.0, elevID,4,  pos,0,  cmd, goto,-1
579.0,Elev,5,  arrived at dest, 0, this call is done!, Elevator call,554.0892923,4,0,3,5, Done, dt, 24.91070769999999
580.0,Elev,9,  arrived at src, 10, Elevator call,557.244139,10,0,2,9
580.0, elevID,9,  pos,10,  cmd, goto,0
582.0,Elevator call,581.870309,0,3,1,8, got allocated to elevator, 8
582.0, elevID,8,  pos,6,  cmd, goto,0
588.0,Elev,4,  arrived at dest, -1, this call is done!, Elevator call,565.0195522,0,-1,3,4, Done, dt, 22.98044779999998
589.0,Elev,8,  arrived at src, 0, Elevator call,581.870309,0,3,2,8
589.0, elevID,8,  pos,0,  cmd, goto,3
595.0,Elev,8,  arrived at dest, 3, this call is done!, Elevator call,581.870309,0,3,3,8, Done, dt, 13.12969099999998
595.0,Elev,9,  arrived at dest, 0, this call is done!, Elevator call,557.244139,10,0,3,9, Done, dt, 37.75586099999998
595.0, elevID,9,  pos,0,  cmd, goto,-1
597.0,Elevator call,596.1232023,8,0,1,9, got allocated to elevator, 9
601.0,Elevator call,600.931288,1,0,1,9, got allocated to elevator, 9
604.0,Elevator call,603.9342327,7,0,1,5, got allocated to elevator, 5
604.0, elevID,5,  pos,0,  cmd, goto,7
606.0,Elev,9,  arrived at dest, -1, this call is done!, Elevator call,544.7880392,6,-1,3,9, Done, dt, 61.21196080000004
606.0, elevID,9,  pos,-1,  cmd, goto,1
617.0,Elev,5,  arrived at src, 7, Elevator call,603.9342327,7,0,2,5
617.0, elevID,5,  pos,7,  cmd, goto,0
617.0,Elev,9,  arrived at src, 1, Elevator call,600.931288,1,0,2,9
617.0, elevID,9,  pos,1,  cmd, goto,8
618.0,Elevator call,617.9628339,0,3,1,8, got allocated to elevator, 8
618.0, elevID,8,  pos,3,  cmd, goto,0
620.0,Elevator call,619.6454197,9,0,1,5, got allocated to elevator, 5
624.0,Elev,8,  arrived at src, 0, Elevator call,617.9628339,0,3,2,8
624.0, elevID,8,  pos,0,  cmd, goto,3
627.0,Elevator call,626.2116172,0,1,1,8, got allocated to elevator, 8
630.0,Elev,5,  arrived at dest, 0, this call is done!, Elevator call,603.9342327,7,0,3,5, Done, dt, 26.065767299999948
630.0, elevID,5,  pos,0,  cmd, goto,9
630.0,Elev,8,  arrived at dest, 3, this call is done!, Elevator call,617.9628339,0,3,3,8, Done, dt, 12.037166100000036
630.0, elevID,8,  pos,3,  cmd, goto,0
631.0,Elev,9,  arrived at src, 8, Elevator call,596.1232023,8,0,2,9
631.0, elevID,9,  pos,8,  cmd, goto,0
636.0,Elev,8,  arrived at src, 0, Elevator call,626.2116172,0,1,2,8
636.0, elevID,8,  pos,0,  cmd, goto,1
642.0,Elev,8,  arrived at dest, 1, this call is done!, Elevator call,626.2116172,0,1,3,8, Done, dt, 15.788382800000022
643.0,Elev,5,  arrived at src, 9, Elevator call,619.6454197,9,0,2,5
643.0, elevID,5,  pos,9,  cmd, goto,0
644.0,Elevator call,643.8547515,-1,2,1,8, got allocated to elevator, 8
644.0, elevID,8,  pos,1,  cmd, goto,-1
645.0,Elev,9,  arrived at dest, 0, this call is done!, Elevator call,596.1232023,8,0,3,9, Done, dt, 48.8767977
645.0,Elev,9,  arrived at dest, 0, this call is done!, Elevator call,600.931288,1,0,3,9, Done, dt, 44.068712000000005
650.0,Elev,8,  arrived at src, -1, Elevator call,643.8547515,-1,2,2,8
650.0, elevID,8,  pos,-1,  cmd, goto,2
656.0,Elev,5,  arrived at dest, 0, this call is done!, Elevator call,619.6454197,9,0,3,5, Done, dt, 36.35458029999995
656.0,Elev,8,  arrived at dest, 2, this call is done!, Elevator call,643.8547515,-1,2,3,8, Done, dt, 12.14524849999998
661.0,Elevator call,660.0732908,6,10,1,7, got allocated to elevator, 7
661.0, elevID,7,  pos,0,  cmd, goto,6
662.0,Elevator call,661.042082,-1,3,1,8, got allocated to elevator, 8
662.0, elevID,8,  pos,2,  cmd, goto,-1
663.0,Elevator call,662.1730528,-1,5,1,7, got allocated to elevator, 7
666.0,Elevator call,665.1155549,-1,8,1,6, got allocated to elevator, 6
666.0, elevID,6,  pos,4,  cmd, goto,-1
667.0,Elevator call,666.0340295,4,0,1,9, got allocated to elevator, 9
667.0,Elevator call,666.2411587,5,-1,1,5, got allocated to elevator, 5
667.0, elevID,5,  pos,0,  cmd, goto,5
667.0, elevID,9,  pos,0,  cmd, goto,4
668.0,Elev,7,  arrived at src, 6, Elevator call,660.0732908,6,10,2,7
668.0, elevID,7,  pos,6,  cmd, goto,10
668.0,Elev,8,  arrived at src, -1, Elevator call,661.042082,-1,3,2,8
668.0, elevID,8,  pos,-1,  cmd, goto,3
673.0,Elevator call,672.6773142,0,-1,1,4, got allocated to elevator, 4
673.0, elevID,4,  pos,-1,  cmd, goto,0
674.0,Elev,7,  arrived at dest, 10, this call is done!, Elevator call,660.0732908,6,10,3,7, Done, dt, 13.926709200000005
674.0, elevID,7,  pos,10,  cmd, goto,-1
674.0,Elev,8,  arrived at dest, 3, this call is done!, Elevator call,661.042082,-1,3,3,8, Done, dt, 12.95791799999995
678.0,Elevator call,677.7341948,0,-1,1,9, got allocated to elevator, 9
679.0,Elevator call,678.9953585,-1,-2,1,5, got allocated to elevator, 5
679.0,Elev,5,  arrived at src, 5, Elevator call,666.2411587,5,-1,2,5
679.0, elevID,5,  pos,5,  cmd, goto,-1
679.0,Elev,9,  arrived at src, 4, Elevator call,666.0340295,4,0,2,9
679.0, elevID,9,  pos,4,  cmd, goto,0
680.0,Elev,6,  arrived at src, -1, Elevator call,665.1155549,-1,8,2,6
680.0, elevID,6,  pos,-1,  cmd, goto,8
681.0,Elev,7,  arrived at src, -1, Elevator call,662.1730528,-1,5,2,7
681.0, elevID,7,  pos,-1,  cmd, goto,5
684.0,Elev,4,  arrived at src, 0, Elevator call,672.6773142,0,-1,2,4
684.0, elevID,4,  pos,0,  cmd, goto,-1
688.0,Elev,7,  arrived at dest, 5, this call is done!, Elevator call,662.1730528,-1,5,3,7, Done, dt, 25.82694719999995
691.0,Elev,5,  arrived at dest, -1, this call is done!, Elevator call,666.2411587,5,-1,3,5, Done, dt, 24.758841299999972
691.0,Elev,5,  arrived at src, -1, Elevator call,678.9953585,-1,-2,2,5
691.0, elevID,5,  pos,-1,  cmd, goto,-2
691.0,Elev,9,  arrived at dest, 0, this call is done!, Elevator call,666.0340295,4,0,3,9, Done, dt, 24.965970500000026
691.0,Elev,9,  arrived at src, 0, Elevator call,677.7341948,0,-1,2,9
691.0, elevID,9,  pos,0,  cmd, goto,-1
695.0,Elev,4,  arrived at dest, -1, this call is done!, Elevator call,672.6773142,0,-1,3,4, Done, dt, 22.322685800000045
696.0,Elevator call,695.2239882,0,10,1,8, got allocated to elevator, 8
696.0,Elev,6,  arrived at dest, 8, this call is done!, Elevator call,665.1155549,-1,8,3,6, Done, dt, 30.884445099999994
696.0, elevID,8,  pos,3,  cmd, goto,0
702.0,Elev,5,  arrived at dest, -2, this call is done!, Elevator call,678.9953585,-1,-2,3,5, Done, dt, 23.004641500000048
702.0,Elev,8,  arrived at src, 0, Elevator call,695.2239882,0,10,2,8
702.0, elevID,8,  pos,0,  cmd, goto,10
702.0,Elev,9,  arrived at dest, -1, this call is done!, Elevator call,677.7341948,0,-1,3,9, Done, dt, 24.265805200000045
707.0,Elevator call,706.1583475,-1,-2,1,9, got allocated to elevator, 9
707.0,Elev,9,  arrived at src, -1, Elevator call,706.1583475,-1,-2,2,9
707.0, elevID,9,  pos,-1,  cmd, goto,-2
709.0,Elev,8,  arrived at dest, 10, this call is done!, Elevator call,695.2239882,0,10,3,8, Done, dt, 13.776011799999992
711.0,Elevator call,710.324977,0,1,1,8, got allocated to elevator, 8
711.0, elevID,8,  pos,10,  cmd, goto,0
714.0,Elevator call,713.0191971,1,0,1,9, got allocated to elevator, 9
714.0,Elevator call,713.2499766,10,-1,1,9, got allocated to elevator, 9
718.0,Elev,8,  arrived at src, 0, Elevator call,710.324977,0,1,2,8
718.0, elevID,8,  pos,0,  cmd, goto,1
718.0,Elev,9,  arrived at dest, -2, this call is done!, Elevator call,706.1583475,-1,-2,3,9, Done, dt, 11.84165250000001
718.0, elevID,9,  pos,-2,  cmd, goto,1
723.0,Elevator call,722.6161213,10,0,1,5, got allocated to elevator, 5
723.0, elevID,5,  pos,-2,  cmd, goto,10
724.0,Elev,8,  arrived at dest, 1, this call is done!, Elevator call,710.324977,0,1,3,8, Done, dt, 13.67502300000001
728.0,Elevator call,727.5146029,-1,0,1,7, got allocated to elevator, 7
728.0, elevID,7,  pos,5,  cmd, goto,-1
730.0,Elev,9,  arrived at src, 1, Elevator call,713.0191971,1,0,2,9
730.0, elevID,9,  pos,1,  cmd, goto,10
733.0,Elevator call,732.9746341,6,-1,1,9, got allocated to elevator, 9
733.0, elevID,9,  pos,1,  cmd, stop,6
735.0,Elev,7,  arrived at src, -1, Elevator call,727.5146029,-1,0,2,7
735.0, elevID,7,  pos,-1,  cmd, goto,0
737.0,Elev,5,  arrived at src, 10, Elevator call,722.6161213,10,0,2,5
737.0, elevID,5,  pos,10,  cmd, goto,0
738.0,Elevator call,737.3147202,1,0,1,9, got allocated to elevator, 9
741.0,Elev,7,  arrived at dest, 0, this call is done!, Elevator call,727.5146029,-1,0,3,7, Done, dt, 13.4853971
743.0,Elev,9,  arrived at src, 6, Elevator call,732.9746341,6,-1,2,9
743.0, elevID,9,  pos,6,  cmd, goto,10
751.0,Elev,5,  arrived at dest, 0, this call is done!, Elevator call,722.6161213,10,0,3,5, Done, dt, 28.38387869999997
755.0,Elev,9,  arrived at src, 10, Elevator call,713.2499766,10,-1,2,9
755.0, elevID,9,  pos,10,  cmd, goto,1
770.0,Elev,9,  arrived at src, 1, Elevator call,737.3147202,1,0,2,9
770.0, elevID,9,  pos,1,  cmd, goto,0
780.0,Elevator call,779.3996914,-1,5,1,8, got allocated to elevator, 8
780.0, elevID,8,  pos,1,  cmd, goto,-1
781.0,Elev,9,  arrived at dest, 0, this call is done!, Elevator call,713.0191971,1,0,3,9, Done, dt, 67.98080289999996
781.0,Elev,9,  arrived at dest, 0, this call is done!, Elevator call,737.3147202,1,0,3,9, Done, dt, 43.68527979999999
781.0, elevID,9,  pos,0,  cmd, goto,-1
786.0,Elev,8,  arrived at src, -1, Elevator call,779.3996914,-1,5,2,8
786.0, elevID,8,  pos,-1,  cmd, goto,5
792.0,Elev,9,  arrived at dest, -1, this call is done!, Elevator call,713.2499766,10,-1,3,9, Done, dt, 78.75002340000003
792.0,Elev,9,  arrived at dest, -1, this call is done!, Elevator call,732.9746341,6,-1,3,9, Done, dt, 59.0253659
793.0,Elev,8,  arrived at dest, 5, this call is done!, Elevator call,779.3996914,-1,5,3,8, Done, dt, 13.600308599999948
806.0,Elevator call,805.6754743,-1,-2,1,9, got allocated to elevator, 9
806.0,Elev,9,  arrived at src, -1, Elevator call,805.6754743,-1,-2,2,9
806.0, elevID,9,  pos,-1,  cmd, goto,-2
811.0,Elevator call,810.4469089,2,0,1,9, got allocated to elevator, 9
817.0,Elevator call,816.1516998,7,-1,1,5, got allocated to elevator, 5
817.0, elevID,5,  pos,0,  cmd, goto,7
817.0,Elev,9,  arrived at dest, -2, this call is done!, Elevator call,805.6754743,-1,-2,3,9, Done, dt, 11.324525699999981
817.0, elevID,9,  pos,-2,  cmd, goto,2
826.0,Elevator call,825.4575185,7,0,1,4, got allocated to elevator, 4
826.0, elevID,4,  pos,-1,  cmd, goto,7
829.0,Elev,9,  arrived at src, 2, Elevator call,810.4469089,2,0,2,9
829.0, elevID,9,  pos,2,  cmd, goto,0
830.0,Elev,5,  arrived at src, 7, Elevator call,816.1516998,7,-1,2,5
830.0, elevID,5,  pos,7,  cmd, goto,-1
839.0,Elev,4,  arrived at src, 7, Elevator call,825.4575185,7,0,2,4
839.0, elevID,4,  pos,7,  cmd, goto,0
840.0,Elevator call,839.8525653,0,1,1,8, got allocated to elevator, 8
840.0, elevID,8,  pos,5,  cmd, goto,0
840.0,Elev,9,  arrived at dest, 0, this call is done!, Elevator call,810.4469089,2,0,3,9, Done, dt, 29.55309109999996
843.0,Elev,5,  arrived at dest, -1, this call is done!, Elevator call,816.1516998,7,-1,3,5, Done, dt, 26.84830020000004
847.0,Elev,8,  arrived at src, 0, Elevator call,839.8525653,0,1,2,8
847.0, elevID,8,  pos,0,  cmd, goto,1
852.0,Elev,4,  arrived at dest, 0, this call is done!, Elevator call,825.4575185,7,0,3,4, Done, dt, 26.542481500000008
853.0,Elev,8,  arrived at dest, 1, this call is done!, Elevator call,839.8525653,0,1,3,8, Done, dt, 13.147434699999963
855.0,Elevator call,854.2002278,6,-1,1,9, got allocated to elevator, 9
855.0, elevID,9,  pos,0,  cmd, goto,6
864.0,Elevator call,863.8932913,0,-1,1,9, got allocated to elevator, 9
868.0,Elev,9,  arrived at src, 6, Elevator call,854.2002278,6,-1,2,9
868.0, elevID,9,  pos,6,  cmd, goto,0
871.0,Elevator call,870.5053024,0,7,1,8, got allocated to elevator, 8
871.0, elevID,8,  pos,1,  cmd, goto,0
877.0,Elev,8,  arrived at src, 0, Elevator call,870.5053024,0,7,2,8
877.0, elevID,8,  pos,0,  cmd, goto,7
881.0,Elev,9,  arrived at src, 0, Elevator call,863.8932913,0,-1,2,9
881.0, elevID,9,  pos,0,  cmd, goto,-1
884.0,Elev,8,  arrived at dest, 7, this call is done!, Elevator call,870.5053024,0,7,3,8, Done, dt, 13.494697599999995
887.0,Elevator call,886.5649993,-1,-2,1,9, got allocated to elevator, 9
892.0,Elev,9,  arrived at dest, -1, this call is done!, Elevator call,854.2002278,6,-1,3,9, Done, dt, 37.79977220000001
892.0,Elev,9,  arrived at dest, -1, this call is done!, Elevator call,863.8932913,0,-1,3,9, Done, dt, 28.106708700000013
892.0,Elev,9,  arrived at src, -1, Elevator call,886.5649993,-1,-2,2,9
892.0, elevID,9,  pos,-1,  cmd, goto,-2
893.0,Elevator call,892.5212151,9,-1,1,5, got allocated to elevator, 5
893.0, elevID,5,  pos,-1,  cmd, goto,9
903.0,Elev,9,  arrived at dest, -2, this call is done!, Elevator call,886.5649993,-1,-2,3,9, Done, dt, 16.435000700000046
907.0,Elev,5,  arrived at src, 9, Elevator call,892.5212151,9,-1,2,5
907.0, elevID,5,  pos,9,  cmd, goto,-1
911.0,Elevator call,910.5388559,6,5,1,9, got allocated to elevator, 9
911.0, elevID,9,  pos,-2,  cmd, goto,6
916.0,Elevator call,915.9490575,4,-1,1,9, got allocated to elevator, 9
916.0, elevID,9,  pos,-2,  cmd, stop,4
921.0,Elev,5,  arrived at dest, -1, this call is done!, Elevator call,892.5212151,9,-1,3,5, Done, dt, 28.47878490000005
924.0,Elev,9,  arrived at src, 4, Elevator call,915.9490575,4,-1,2,9
924.0, elevID,9,  pos,4,  cmd, goto,6
934.0,Elevator call,933.8580452,7,5,1,4, got allocated to elevator, 4
934.0, elevID,4,  pos,0,  cmd, goto,7
935.0,Elev,9,  arrived at src, 6, Elevator call,910.5388559,6,5,2,9
935.0, elevID,9,  pos,6,  cmd, goto,5
946.0,Elev,9,  arrived at dest, 5, this call is done!, Elevator call,910.5388559,6,5,3,9, Done, dt, 35.461144099999956
946.0, elevID,9,  pos,5,  cmd, goto,-1
947.0,Elev,4,  arrived at src, 7, Elevator call,933.8580452,7,5,2,4
947.0, elevID,4,  pos,7,  cmd, goto,5
958.0,Elev,4,  arrived at dest, 5, this call is done!, Elevator call,933.8580452,7,5,3,4, Done, dt, 24.141954800000008
959.0,Elev,9,  arrived at dest, -1, this call is done!, Elevator call,915.9490575,4,-1,3,9, Done, dt, 43.05094250000002
962.0,Elevator call,961.6862856,6,-1,1,9, got allocated to elevator, 9
962.0, elevID,9,  pos,-1,  cmd, goto,6
973.0,Elevator call,972.8032126,1,0,1,9, got allocated to elevator, 9
976.0,Elevator call,975.8361203,0,-1,1,9, got allocated to elevator, 9
976.0,Elev,9,  arrived at src, 6, Elevator call,961.6862856,6,-1,2,9
976.0, elevID,9,  pos,6,  cmd, goto,1
979.0,Elevator call,978.5925149,10,0,1,5, got allocated to elevator, 5
979.0,Elevator call,978.6210501,10,-1,1,9, got allocated to elevator, 9
979.0, elevID,5,  pos,-1,  cmd, goto,10
985.0,Elevator call,984.1840186,7,0,1,4, got allocated to elevator, 4
985.0, elevID,4,  pos,5,  cmd, goto,7
989.0,Elev,9,  arrived at src, 1, Elevator call,972.8032126,1,0,2,9
989.0, elevID,9,  pos,1,  cmd, goto,0
993.0,Elev,5,  arrived at src, 10, Elevator call,978.5925149,10,0,2,5
993.0, elevID,5,  pos,10,  cmd, goto,0
996.0,Elev,4,  arrived at src, 7, Elevator call,984.1840186,7,0,2,4
996.0, elevID,4,  pos,7,  cmd, goto,0
1000.0,Elev,9,  arrived at dest, 0, this call is done!, Elevator call,972.8032126,1,0,3,9, Done, dt, 27.19678739999995
1000.0,Elev,9,  arrived at src, 0, Elevator call,975.8361203,0,-1,2,9
1000.0, elevID,9,  pos,0,  cmd, goto,-1
1007.0,Elev,5,  arrived at dest, 0, this call is done!, Elevator call,978.5925149,10,0,3,5, Done, dt, 28.40748510000003
1009.0,Elev,4,  arrived at dest, 0, this call is done!, Elevator call,984.1840186,7,0,3,4, Done, dt, 24.815981400000055
1011.0,Elev,9,  arrived at dest, -1, this call is done!, Elevator call,961.6862856,6,-1,3,9, Done, dt, 49.31371439999998
1011.0,Elev,9,  arrived at dest, -1, this call is done!, Elevator call,975.8361203,0,-1,3,9, Done, dt, 35.16387970000005
1011.0, elevID,9,  pos,-1,  cmd, goto,10
1027.0,Elev,9,  arrived at src, 10, Elevator call,978.6210501,10,-1,2,9
1027.0, elevID,9,  pos,10,  cmd, goto,-1
1043.0,Elev,9,  arrived at dest, -1, this call is done!, Elevator call,978.6210501,10,-1,3,9, Done, dt, 64.37894989999995
1044.0,************* Simulation Ended ************
Code Owners,1111,2222,3333,  Building_file,Ex1_Buildings/B5.json,  Calls,output.csv
Total waiting time: 2368.0,  average waiting time per call: 23.68,  unCompleted calls,0,  certificate, -261498610
